#
# A fatal error has been detected by the Java Runtime Environment:
#
#  EXCEPTION_ACCESS_VIOLATION (0xc0000005) at pc=0x000000006cee8855, pid=1760, tid=14720
#
# JRE version: Java(TM) SE Runtime Environment (8.0_65-b17) (build 1.8.0_65-b17)
# Java VM: Java HotSpot(TM) 64-Bit Server VM (25.65-b01 mixed mode windows-amd64 compressed oops)
# Problematic frame:
# V  [jvm.dll+0x128855]
#
# Failed to write core dump. Minidumps are not enabled by default on client versions of Windows
#
# If you would like to submit a bug report, please visit:
#   http://bugreport.java.com/bugreport/crash.jsp
#

---------------  T H R E A D  ---------------

Current thread (0x00000000179ed800):  JavaThread "JDWP Transport Listener: dt_socket" daemon [_thread_in_vm, id=14720, stack(0x0000000019420000,0x0000000019520000)]

siginfo: ExceptionCode=0xc0000005, reading address 0xffffffffffffffff

Registers:
RAX=0x000000001951f201, RBX=0x00000000179ed800, RCX=0x003b6e6f69746172, RDX=0x0000000000000000
RSP=0x000000001951f1b0, RBP=0x003b6e6f69746172, RSI=0x000000001951f2c8, RDI=0x000000000106e8f0
R8 =0x00000000179ed800, R9 =0x0000000000008000, R10=0x0000000000000000, R11=0x0000000020d5bd2e
R12=0x0000000000000000, R13=0x00000000179f8ed8, R14=0x0000000000000000, R15=0x0000000000000000
RIP=0x000000006cee8855, EFLAGS=0x0000000000010206

Top of Stack: (sp=0x000000001951f1b0)
0x000000001951f1b0:   00000000179ed800 00000000179ed800
0x000000001951f1c0:   000000001951f278 000000006d0ee19b
0x000000001951f1d0:   00000000179ed800 000000006d10a9fd
0x000000001951f1e0:   0000000000000000 000000006cd59155
0x000000001951f1f0:   0000000021c6c870 000000006cd6291e
0x000000001951f200:   00000000179ed800 0000000000000000
0x000000001951f210:   0000000000000000 0000000000000000
0x000000001951f220:   003b6e6f69746172 000000006cd61a15
0x000000001951f230:   000000001951f2c8 000000001951f2a0
0x000000001951f240:   0000000000000001 0000000021c6c870
0x000000001951f250:   003b6e6f69746172 000000006cd453b3
0x000000001951f260:   000000001951f390 0000000000000001
0x000000001951f270:   0000000000000001 0000000021c6c870
0x000000001951f280:   0000000000000009 0000000000000000
0x000000001951f290:   0000000000000000 0000000000000000
0x000000001951f2a0:   0000000000000001 000000006cd45571 

Instructions: (pc=0x000000006cee8855)
0x000000006cee8835:   cc cc cc cc cc cc cc cc cc cc cc 48 83 ec 28 48
0x000000006cee8845:   85 c9 75 07 33 c0 48 83 c4 28 c3 48 89 5c 24 20
0x000000006cee8855:   48 8b 19 48 85 db 74 20 48 83 fb 37 74 1a 48 8b
0x000000006cee8865:   13 48 8b cb ff 52 10 84 c0 74 0d 48 8b c3 48 8b 


Register to memory mapping:

RAX=0x000000001951f201 is pointing into the stack for thread: 0x00000000179ed800
RBX=0x00000000179ed800 is a thread
RCX=0x003b6e6f69746172 is an unknown value
RDX=0x0000000000000000 is an unknown value
RSP=0x000000001951f1b0 is pointing into the stack for thread: 0x00000000179ed800
RBP=0x003b6e6f69746172 is an unknown value
RSI=0x000000001951f2c8 is pointing into the stack for thread: 0x00000000179ed800
RDI=0x000000000106e8f0 is an unknown value
R8 =0x00000000179ed800 is a thread
R9 =0x0000000000008000 is an unknown value
R10=0x0000000000000000 is an unknown value
R11=0x0000000020d5bd2e is an unknown value
R12=0x0000000000000000 is an unknown value
R13=0x00000000179f8ed8 is an unknown value
R14=0x0000000000000000 is an unknown value
R15=0x0000000000000000 is an unknown value


Stack: [0x0000000019420000,0x0000000019520000],  sp=0x000000001951f1b0,  free space=1020k
Native frames: (J=compiled Java code, j=interpreted, Vv=VM code, C=native code)
V  [jvm.dll+0x128855]
V  [jvm.dll+0x34a9fd]
C  [jdwp.dll+0x21a15]
C  [jdwp.dll+0x53b3]
C  [jdwp.dll+0x5571]
C  [jdwp.dll+0xf0a8]
C  [jdwp.dll+0x1f2d5]
C  [jdwp.dll+0x1f4aa]
V  [jvm.dll+0x1bb8f8]
V  [jvm.dll+0x243144]
V  [jvm.dll+0x299f7a]
C  [msvcr100.dll+0x21d9f]
C  [msvcr100.dll+0x21e3b]
C  [KERNEL32.DLL+0x8364]
C  [ntdll.dll+0x670d1]


---------------  P R O C E S S  ---------------

Java Threads: ( => current thread )
  0x000000001be31800 JavaThread "http-nio-8180-AsyncTimeout" daemon [_thread_blocked, id=13084, stack(0x0000000028e40000,0x0000000028f40000)]
  0x000000001be30800 JavaThread "http-nio-8180-Acceptor-0" daemon [_thread_in_native, id=6000, stack(0x0000000028d40000,0x0000000028e40000)]
  0x000000001be29000 JavaThread "http-nio-8180-ClientPoller-1" daemon [_thread_in_native, id=15724, stack(0x0000000028c40000,0x0000000028d40000)]
  0x000000001be30000 JavaThread "http-nio-8180-ClientPoller-0" daemon [_thread_in_native, id=17088, stack(0x0000000028b40000,0x0000000028c40000)]
  0x000000001be28800 JavaThread "NioBlockingSelector.BlockPoller-2" daemon [_thread_in_native, id=5288, stack(0x0000000028a40000,0x0000000028b40000)]
  0x000000001be2d800 JavaThread "File Watcher" daemon [_thread_blocked, id=13804, stack(0x0000000028940000,0x0000000028a40000)]
  0x000000001be2d000 JavaThread "container-0" [_thread_blocked, id=13808, stack(0x0000000028840000,0x0000000028940000)]
  0x000000001be2a000 JavaThread "ContainerBackgroundProcessor[StandardEngine[Tomcat]]" daemon [_thread_blocked, id=17720, stack(0x0000000028740000,0x0000000028840000)]
  0x0000000017a17000 JavaThread "DestroyJavaVM" [_thread_blocked, id=18604, stack(0x0000000002c80000,0x0000000002d80000)]
  0x0000000025776000 JavaThread "Live Reload Server" daemon [_thread_in_native, id=10620, stack(0x0000000023de0000,0x0000000023ee0000)]
  0x0000000019a97000 JavaThread "Service Thread" daemon [_thread_blocked, id=17564, stack(0x0000000019e20000,0x0000000019f20000)]
  0x0000000017a1a800 JavaThread "C1 CompilerThread2" daemon [_thread_blocked, id=5176, stack(0x0000000019920000,0x0000000019a20000)]
  0x0000000017a15000 JavaThread "C2 CompilerThread1" daemon [_thread_blocked, id=8424, stack(0x0000000019820000,0x0000000019920000)]
  0x0000000017a0c800 JavaThread "C2 CompilerThread0" daemon [_thread_blocked, id=14756, stack(0x0000000019720000,0x0000000019820000)]
  0x0000000017a00800 JavaThread "JDWP Command Reader" daemon [_thread_in_native, id=11060, stack(0x0000000019620000,0x0000000019720000)]
  0x00000000179fb800 JavaThread "JDWP Event Helper Thread" daemon [_thread_blocked, id=19280, stack(0x0000000019520000,0x0000000019620000)]
=>0x00000000179ed800 JavaThread "JDWP Transport Listener: dt_socket" daemon [_thread_in_vm, id=14720, stack(0x0000000019420000,0x0000000019520000)]
  0x00000000179e5000 JavaThread "Attach Listener" daemon [_thread_blocked, id=1756, stack(0x0000000018f20000,0x0000000019020000)]
  0x00000000179e4000 JavaThread "Signal Dispatcher" daemon [_thread_blocked, id=552, stack(0x0000000018e20000,0x0000000018f20000)]
  0x0000000002e7d800 JavaThread "Finalizer" daemon [_thread_blocked, id=18228, stack(0x0000000018c30000,0x0000000018d30000)]
  0x00000000179a8800 JavaThread "Reference Handler" daemon [_thread_blocked, id=14480, stack(0x0000000018b30000,0x0000000018c30000)]

Other Threads:
  0x00000000179a7000 VMThread [stack: 0x0000000018a30000,0x0000000018b30000] [id=18912]
  0x0000000019ae9000 WatcherThread [stack: 0x0000000019f20000,0x000000001a020000] [id=18264]

VM state:not at safepoint (normal execution)

VM Mutex/Monitor currently owned by a thread: None

Heap:
 PSYoungGen      total 183808K, used 148248K [0x00000000d5d00000, 0x00000000e2480000, 0x0000000100000000)
  eden space 164352K, 90% used [0x00000000d5d00000,0x00000000dedc60b8,0x00000000dfd80000)
  from space 19456K, 0% used [0x00000000dfd80000,0x00000000dfd80000,0x00000000e1080000)
  to   space 18944K, 0% used [0x00000000e1200000,0x00000000e1200000,0x00000000e2480000)
 ParOldGen       total 111616K, used 23973K [0x0000000081600000, 0x0000000088300000, 0x00000000d5d00000)
  object space 111616K, 21% used [0x0000000081600000,0x0000000082d69658,0x0000000088300000)
 Metaspace       used 44189K, capacity 44686K, committed 45312K, reserved 1089536K
  class space    used 5079K, capacity 5264K, committed 5376K, reserved 1048576K

Card table byte_map: [0x0000000012240000,0x0000000012640000] byte_map_base: 0x0000000011e35000

Marking Bits: (ParMarkBitMap*) 0x000000006d5ca5b0
 Begin Bits: [0x0000000012cf0000, 0x0000000014c98000)
 End Bits:   [0x0000000014c98000, 0x0000000016c40000)

Polling page: 0x0000000001040000

CodeCache: size=245760Kb used=16621Kb max_used=16621Kb free=229138Kb
 bounds [0x0000000002e80000, 0x0000000003ee0000, 0x0000000011e80000]
 total_blobs=4942 nmethods=4472 adapters=390
 compilation: enabled

Compilation events (10 events):
Event: 3067.956 Thread 0x0000000017a0c800 5492       4       sun.nio.ch.WindowsSelectorImpl::adjustThreadsCount (133 bytes)
Event: 3067.957 Thread 0x0000000017a0c800 nmethod 5492 0x0000000003ae4d50 code [0x0000000003ae4ea0, 0x0000000003ae4f98]
Event: 3075.153 Thread 0x0000000017a15000 5493       4       java.util.AbstractCollection::addAll (42 bytes)
Event: 3075.156 Thread 0x0000000017a15000 nmethod 5493 0x0000000003e55050 code [0x0000000003e551a0, 0x0000000003e552b8]
Event: 3079.235 Thread 0x0000000017a1a800 5494       3       org.springframework.boot.devtools.filewatch.FileSystemWatcher$Watcher::isDifferent (105 bytes)
Event: 3079.236 Thread 0x0000000017a1a800 nmethod 5494 0x0000000003adf3d0 code [0x0000000003adf620, 0x0000000003ae0388]
Event: 3079.961 Thread 0x0000000017a0c800 5495       4       org.apache.tomcat.util.net.SocketProperties::getTimeoutInterval (5 bytes)
Event: 3079.962 Thread 0x0000000017a0c800 nmethod 5495 0x0000000003064b90 code [0x0000000003064cc0, 0x0000000003064d18]
Event: 3080.957 Thread 0x0000000017a1a800 5496   !   3       org.apache.tomcat.util.net.NioEndpoint$Poller::timeout (493 bytes)
Event: 3080.966 Thread 0x0000000017a1a800 nmethod 5496 0x0000000003904a90 code [0x0000000003904f80, 0x0000000003908458]

GC Heap History (10 events):
Event: 15.865 GC heap before
{Heap before GC invocations=10 (full 1):
 PSYoungGen      total 151552K, used 79147K [0x00000000d5d00000, 0x00000000e2f00000, 0x0000000100000000)
  eden space 135680K, 47% used [0x00000000d5d00000,0x00000000d9c390b8,0x00000000de180000)
  from space 15872K, 90% used [0x00000000df280000,0x00000000e0091c88,0x00000000e0200000)
  to   space 17408K, 0% used [0x00000000de180000,0x00000000de180000,0x00000000df280000)
 ParOldGen       total 67072K, used 18466K [0x0000000081600000, 0x0000000085780000, 0x00000000d5d00000)
  object space 67072K, 27% used [0x0000000081600000,0x0000000082808870,0x0000000085780000)
 Metaspace       used 34820K, capacity 35248K, committed 35456K, reserved 1081344K
  class space    used 4270K, capacity 4407K, committed 4480K, reserved 1048576K
Event: 15.887 GC heap after
Heap after GC invocations=10 (full 1):
 PSYoungGen      total 153088K, used 14953K [0x00000000d5d00000, 0x00000000e2300000, 0x0000000100000000)
  eden space 135680K, 0% used [0x00000000d5d00000,0x00000000d5d00000,0x00000000de180000)
  from space 17408K, 85% used [0x00000000de180000,0x00000000df01a678,0x00000000df280000)
  to   space 18944K, 0% used [0x00000000e1080000,0x00000000e1080000,0x00000000e2300000)
 ParOldGen       total 67072K, used 18474K [0x0000000081600000, 0x0000000085780000, 0x00000000d5d00000)
  object space 67072K, 27% used [0x0000000081600000,0x000000008280a870,0x0000000085780000)
 Metaspace       used 34820K, capacity 35248K, committed 35456K, reserved 1081344K
  class space    used 4270K, capacity 4407K, committed 4480K, reserved 1048576K
}
Event: 15.887 GC heap before
{Heap before GC invocations=11 (full 2):
 PSYoungGen      total 153088K, used 14953K [0x00000000d5d00000, 0x00000000e2300000, 0x0000000100000000)
  eden space 135680K, 0% used [0x00000000d5d00000,0x00000000d5d00000,0x00000000de180000)
  from space 17408K, 85% used [0x00000000de180000,0x00000000df01a678,0x00000000df280000)
  to   space 18944K, 0% used [0x00000000e1080000,0x00000000e1080000,0x00000000e2300000)
 ParOldGen       total 67072K, used 18474K [0x0000000081600000, 0x0000000085780000, 0x00000000d5d00000)
  object space 67072K, 27% used [0x0000000081600000,0x000000008280a870,0x0000000085780000)
 Metaspace       used 34820K, capacity 35248K, committed 35456K, reserved 1081344K
  class space    used 4270K, capacity 4407K, committed 4480K, reserved 1048576K
Event: 16.001 GC heap after
Heap after GC invocations=11 (full 2):
 PSYoungGen      total 153088K, used 0K [0x00000000d5d00000, 0x00000000e2300000, 0x0000000100000000)
  eden space 135680K, 0% used [0x00000000d5d00000,0x00000000d5d00000,0x00000000de180000)
  from space 17408K, 0% used [0x00000000de180000,0x00000000de180000,0x00000000df280000)
  to   space 18944K, 0% used [0x00000000e1080000,0x00000000e1080000,0x00000000e2300000)
 ParOldGen       total 111616K, used 23589K [0x0000000081600000, 0x0000000088300000, 0x00000000d5d00000)
  object space 111616K, 21% used [0x0000000081600000,0x0000000082d09438,0x0000000088300000)
 Metaspace       used 34820K, capacity 35248K, committed 35456K, reserved 1081344K
  class space    used 4270K, capacity 4407K, committed 4480K, reserved 1048576K
}
Event: 1330.845 GC heap before
{Heap before GC invocations=12 (full 2):
 PSYoungGen      total 153088K, used 135680K [0x00000000d5d00000, 0x00000000e2300000, 0x0000000100000000)
  eden space 135680K, 100% used [0x00000000d5d00000,0x00000000de180000,0x00000000de180000)
  from space 17408K, 0% used [0x00000000de180000,0x00000000de180000,0x00000000df280000)
  to   space 18944K, 0% used [0x00000000e1080000,0x00000000e1080000,0x00000000e2300000)
 ParOldGen       total 111616K, used 23589K [0x0000000081600000, 0x0000000088300000, 0x00000000d5d00000)
  object space 111616K, 21% used [0x0000000081600000,0x0000000082d09438,0x0000000088300000)
 Metaspace       used 43747K, capacity 44162K, committed 44416K, reserved 1089536K
  class space    used 5075K, capacity 5230K, committed 5248K, reserved 1048576K
Event: 1330.877 GC heap after
Heap after GC invocations=12 (full 2):
 PSYoungGen      total 183296K, used 14322K [0x00000000d5d00000, 0x00000000e2580000, 0x0000000100000000)
  eden space 164352K, 0% used [0x00000000d5d00000,0x00000000d5d00000,0x00000000dfd80000)
  from space 18944K, 75% used [0x00000000e1080000,0x00000000e1e7c880,0x00000000e2300000)
  to   space 19456K, 0% used [0x00000000dfd80000,0x00000000dfd80000,0x00000000e1080000)
 ParOldGen       total 111616K, used 23597K [0x0000000081600000, 0x0000000088300000, 0x00000000d5d00000)
  object space 111616K, 21% used [0x0000000081600000,0x0000000082d0b438,0x0000000088300000)
 Metaspace       used 43747K, capacity 44162K, committed 44416K, reserved 1089536K
  class space    used 5075K, capacity 5230K, committed 5248K, reserved 1048576K
}
Event: 3013.216 GC heap before
{Heap before GC invocations=13 (full 2):
 PSYoungGen      total 183296K, used 96464K [0x00000000d5d00000, 0x00000000e2580000, 0x0000000100000000)
  eden space 164352K, 49% used [0x00000000d5d00000,0x00000000dad377b0,0x00000000dfd80000)
  from space 18944K, 75% used [0x00000000e1080000,0x00000000e1e7c880,0x00000000e2300000)
  to   space 19456K, 0% used [0x00000000dfd80000,0x00000000dfd80000,0x00000000e1080000)
 ParOldGen       total 111616K, used 23597K [0x0000000081600000, 0x0000000088300000, 0x00000000d5d00000)
  object space 111616K, 21% used [0x0000000081600000,0x0000000082d0b438,0x0000000088300000)
 Metaspace       used 43915K, capacity 44398K, committed 44800K, reserved 1089536K
  class space    used 5090K, capacity 5265K, committed 5376K, reserved 1048576K
Event: 3013.227 GC heap after
Heap after GC invocations=13 (full 2):
 PSYoungGen      total 183808K, used 7163K [0x00000000d5d00000, 0x00000000e2480000, 0x0000000100000000)
  eden space 164352K, 0% used [0x00000000d5d00000,0x00000000d5d00000,0x00000000dfd80000)
  from space 19456K, 36% used [0x00000000dfd80000,0x00000000e047ef98,0x00000000e1080000)
  to   space 18944K, 0% used [0x00000000e1200000,0x00000000e1200000,0x00000000e2480000)
 ParOldGen       total 111616K, used 23605K [0x0000000081600000, 0x0000000088300000, 0x00000000d5d00000)
  object space 111616K, 21% used [0x0000000081600000,0x0000000082d0d438,0x0000000088300000)
 Metaspace       used 43915K, capacity 44398K, committed 44800K, reserved 1089536K
  class space    used 5090K, capacity 5265K, committed 5376K, reserved 1048576K
}
Event: 3013.227 GC heap before
{Heap before GC invocations=14 (full 3):
 PSYoungGen      total 183808K, used 7163K [0x00000000d5d00000, 0x00000000e2480000, 0x0000000100000000)
  eden space 164352K, 0% used [0x00000000d5d00000,0x00000000d5d00000,0x00000000dfd80000)
  from space 19456K, 36% used [0x00000000dfd80000,0x00000000e047ef98,0x00000000e1080000)
  to   space 18944K, 0% used [0x00000000e1200000,0x00000000e1200000,0x00000000e2480000)
 ParOldGen       total 111616K, used 23605K [0x0000000081600000, 0x0000000088300000, 0x00000000d5d00000)
  object space 111616K, 21% used [0x0000000081600000,0x0000000082d0d438,0x0000000088300000)
 Metaspace       used 43915K, capacity 44398K, committed 44800K, reserved 1089536K
  class space    used 5090K, capacity 5265K, committed 5376K, reserved 1048576K
Event: 3013.429 GC heap after
Heap after GC invocations=14 (full 3):
 PSYoungGen      total 183808K, used 0K [0x00000000d5d00000, 0x00000000e2480000, 0x0000000100000000)
  eden space 164352K, 0% used [0x00000000d5d00000,0x00000000d5d00000,0x00000000dfd80000)
  from space 19456K, 0% used [0x00000000dfd80000,0x00000000dfd80000,0x00000000e1080000)
  to   space 18944K, 0% used [0x00000000e1200000,0x00000000e1200000,0x00000000e2480000)
 ParOldGen       total 111616K, used 23973K [0x0000000081600000, 0x0000000088300000, 0x00000000d5d00000)
  object space 111616K, 21% used [0x0000000081600000,0x0000000082d69658,0x0000000088300000)
 Metaspace       used 43636K, capacity 43966K, committed 44800K, reserved 1089536K
  class space    used 5048K, capacity 5188K, committed 5376K, reserved 1048576K
}

Deoptimization events (10 events):
Event: 3015.675 Thread 0x000000001be2b800 Uncommon trap: reason=unhandled action=none pc=0x0000000003c1eb48 method=java.lang.Class.getDeclaredMethod(Ljava/lang/String;[Ljava/lang/Class;)Ljava/lang/reflect/Method; @ 64
Event: 3015.676 Thread 0x000000001be2b800 Uncommon trap: reason=unhandled action=none pc=0x0000000003c1eb48 method=java.lang.Class.getDeclaredMethod(Ljava/lang/String;[Ljava/lang/Class;)Ljava/lang/reflect/Method; @ 64
Event: 3015.676 Thread 0x000000001be2b800 Uncommon trap: reason=unhandled action=none pc=0x0000000003c1eb48 method=java.lang.Class.getDeclaredMethod(Ljava/lang/String;[Ljava/lang/Class;)Ljava/lang/reflect/Method; @ 64
Event: 3015.676 Thread 0x000000001be2b800 Uncommon trap: reason=unhandled action=none pc=0x0000000003c1eb48 method=java.lang.Class.getDeclaredMethod(Ljava/lang/String;[Ljava/lang/Class;)Ljava/lang/reflect/Method; @ 64
Event: 3015.676 Thread 0x000000001be2b800 Uncommon trap: reason=unhandled action=none pc=0x0000000003c1eb48 method=java.lang.Class.getDeclaredMethod(Ljava/lang/String;[Ljava/lang/Class;)Ljava/lang/reflect/Method; @ 64
Event: 3015.676 Thread 0x000000001be2b800 Uncommon trap: reason=unhandled action=none pc=0x0000000003c1eb48 method=java.lang.Class.getDeclaredMethod(Ljava/lang/String;[Ljava/lang/Class;)Ljava/lang/reflect/Method; @ 64
Event: 3015.676 Thread 0x000000001be2b800 Uncommon trap: reason=unhandled action=none pc=0x0000000003c1eb48 method=java.lang.Class.getDeclaredMethod(Ljava/lang/String;[Ljava/lang/Class;)Ljava/lang/reflect/Method; @ 64
Event: 3015.676 Thread 0x000000001be2b800 Uncommon trap: reason=unstable_if action=reinterpret pc=0x0000000003c25d48 method=java.lang.ref.SoftReference.get()Ljava/lang/Object; @ 6
Event: 3015.927 Thread 0x000000001be2b800 Uncommon trap: reason=unhandled action=none pc=0x00000000031b1cd4 method=java.net.URLClassLoader.findClass(Ljava/lang/String;)Ljava/lang/Class; @ 44
Event: 3016.925 Thread 0x000000001be30000 Uncommon trap: reason=unstable_if action=reinterpret pc=0x00000000030b3158 method=org.apache.tomcat.util.net.NioEndpoint$Poller.timeout(IZ)V @ 10

Internal exceptions (10 events):
Event: 3015.547 Thread 0x000000001be2b800 Exception <a 'java/lang/ArrayIndexOutOfBoundsException': 6> (0x00000000dd929a30) thrown at [C:\workspace\8-2-build-windows-amd64-cygwin\jdk8u65\4987\hotspot\src\share\vm\interpreter\interpreterRuntime.cpp, line 366]
Event: 3015.547 Thread 0x000000001be2b800 Exception <a 'java/lang/ArrayIndexOutOfBoundsException': 6> (0x00000000dd92b720) thrown at [C:\workspace\8-2-build-windows-amd64-cygwin\jdk8u65\4987\hotspot\src\share\vm\interpreter\interpreterRuntime.cpp, line 366]
Event: 3015.550 Thread 0x000000001be2b800 Exception <a 'java/lang/ArrayIndexOutOfBoundsException': 6> (0x00000000dd9395c0) thrown at [C:\workspace\8-2-build-windows-amd64-cygwin\jdk8u65\4987\hotspot\src\share\vm\interpreter\interpreterRuntime.cpp, line 366]
Event: 3015.550 Thread 0x000000001be2b800 Exception <a 'java/lang/ArrayIndexOutOfBoundsException': 6> (0x00000000dd93b298) thrown at [C:\workspace\8-2-build-windows-amd64-cygwin\jdk8u65\4987\hotspot\src\share\vm\interpreter\interpreterRuntime.cpp, line 366]
Event: 3015.552 Thread 0x000000001be2b800 Exception <a 'java/lang/ArrayIndexOutOfBoundsException': 91> (0x00000000dd943e98) thrown at [C:\workspace\8-2-build-windows-amd64-cygwin\jdk8u65\4987\hotspot\src\share\vm\interpreter\interpreterRuntime.cpp, line 366]
Event: 3015.559 Thread 0x000000001be2b800 Exception <a 'java/lang/ArrayIndexOutOfBoundsException': 273> (0x00000000dd971090) thrown at [C:\workspace\8-2-build-windows-amd64-cygwin\jdk8u65\4987\hotspot\src\share\vm\interpreter\interpreterRuntime.cpp, line 366]
Event: 3015.570 Thread 0x000000001be2b800 Exception <a 'java/lang/ArrayIndexOutOfBoundsException': 184> (0x00000000dd9d5e00) thrown at [C:\workspace\8-2-build-windows-amd64-cygwin\jdk8u65\4987\hotspot\src\share\vm\interpreter\interpreterRuntime.cpp, line 366]
Event: 3015.604 Thread 0x000000001be2b800 Exception <a 'java/lang/ArrayIndexOutOfBoundsException': 132> (0x00000000ddb40108) thrown at [C:\workspace\8-2-build-windows-amd64-cygwin\jdk8u65\4987\hotspot\src\share\vm\interpreter\interpreterRuntime.cpp, line 366]
Event: 3015.623 Thread 0x000000001be2b800 Exception <a 'java/lang/ArrayIndexOutOfBoundsException': 251> (0x00000000ddc082a8) thrown at [C:\workspace\8-2-build-windows-amd64-cygwin\jdk8u65\4987\hotspot\src\share\vm\interpreter\interpreterRuntime.cpp, line 366]
Event: 3015.676 Thread 0x000000001be2b800 Implicit null exception at 0x0000000003c19d7a to 0x0000000003c25d26

Events (10 events):
Event: 3016.925 Thread 0x000000001be30000 DEOPT PACKING pc=0x00000000030b3158 sp=0x0000000028c3f290
Event: 3016.925 Thread 0x000000001be30000 DEOPT UNPACKING pc=0x0000000002ec582a sp=0x0000000028c3f230 mode 2
Event: 3025.151 Executing VM operation: RevokeBias
Event: 3025.151 Executing VM operation: RevokeBias done
Event: 3025.151 Thread 0x000000001be2e800 Thread exited: 0x000000001be2e800
Event: 3025.151 Thread 0x000000001be2c000 Thread exited: 0x000000001be2c000
Event: 3045.152 Executing VM operation: RevokeBias
Event: 3045.152 Executing VM operation: RevokeBias done
Event: 3090.968 Executing VM operation: RedefineClasses
Event: 3091.040 Executing VM operation: RedefineClasses done


Dynamic libraries:
0x00007ff70f210000 - 0x00007ff70f247000 	C:\Program Files\Java\jdk1.8.0_65\bin\javaw.exe
0x00007ffa7c690000 - 0x00007ffa7c861000 	C:\WINDOWS\SYSTEM32\ntdll.dll
0x00007ffa79f80000 - 0x00007ffa7a02b000 	C:\WINDOWS\System32\KERNEL32.DLL
0x00007ffa78e30000 - 0x00007ffa7904d000 	C:\WINDOWS\System32\KERNELBASE.dll
0x00007ffa7ad40000 - 0x00007ffa7ade2000 	C:\WINDOWS\System32\ADVAPI32.dll
0x00007ffa7a0e0000 - 0x00007ffa7a17e000 	C:\WINDOWS\System32\msvcrt.dll
0x00007ffa7a2c0000 - 0x00007ffa7a319000 	C:\WINDOWS\System32\sechost.dll
0x00007ffa7adf0000 - 0x00007ffa7af11000 	C:\WINDOWS\System32\RPCRT4.dll
0x00007ffa7a330000 - 0x00007ffa7a495000 	C:\WINDOWS\System32\USER32.dll
0x00007ffa79220000 - 0x00007ffa7923e000 	C:\WINDOWS\System32\win32u.dll
0x00007ffa7a030000 - 0x00007ffa7a064000 	C:\WINDOWS\System32\GDI32.dll
0x00007ffa79300000 - 0x00007ffa79482000 	C:\WINDOWS\System32\gdi32full.dll
0x00007ffa6e5c0000 - 0x00007ffa6e83a000 	C:\WINDOWS\WinSxS\amd64_microsoft.windows.common-controls_6595b64144ccf1df_6.0.14393.953_none_42151e83c686086b\COMCTL32.dll
0x00007ffa7a5c0000 - 0x00007ffa7a888000 	C:\WINDOWS\System32\combase.dll
0x00007ffa78d30000 - 0x00007ffa78e25000 	C:\WINDOWS\System32\ucrtbase.dll
0x00007ffa79290000 - 0x00007ffa792fa000 	C:\WINDOWS\System32\bcryptPrimitives.dll
0x00007ffa7af20000 - 0x00007ffa7af4e000 	C:\WINDOWS\System32\IMM32.DLL
0x000000006d650000 - 0x000000006d722000 	C:\Program Files\Java\jdk1.8.0_65\jre\bin\msvcr100.dll
0x000000006cdc0000 - 0x000000006d649000 	C:\Program Files\Java\jdk1.8.0_65\jre\bin\server\jvm.dll
0x00007ffa7af50000 - 0x00007ffa7af58000 	C:\WINDOWS\System32\PSAPI.DLL
0x00007ffa6c0d0000 - 0x00007ffa6c0d9000 	C:\WINDOWS\SYSTEM32\WSOCK32.dll
0x00007ffa6dac0000 - 0x00007ffa6daca000 	C:\WINDOWS\SYSTEM32\VERSION.dll
0x00007ffa769f0000 - 0x00007ffa76a13000 	C:\WINDOWS\SYSTEM32\WINMM.dll
0x00007ffa7a8a0000 - 0x00007ffa7a90a000 	C:\WINDOWS\System32\WS2_32.dll
0x00007ffa769c0000 - 0x00007ffa769eb000 	C:\WINDOWS\SYSTEM32\winmmbase.dll
0x00007ffa79240000 - 0x00007ffa79282000 	C:\WINDOWS\System32\cfgmgr32.dll
0x000000006cdb0000 - 0x000000006cdbf000 	C:\Program Files\Java\jdk1.8.0_65\jre\bin\verify.dll
0x000000006cd80000 - 0x000000006cda9000 	C:\Program Files\Java\jdk1.8.0_65\jre\bin\java.dll
0x000000006cd40000 - 0x000000006cd75000 	C:\Program Files\Java\jdk1.8.0_65\jre\bin\jdwp.dll
0x000000006cd30000 - 0x000000006cd38000 	C:\Program Files\Java\jdk1.8.0_65\jre\bin\npt.dll
0x000000006cd10000 - 0x000000006cd26000 	C:\Program Files\Java\jdk1.8.0_65\jre\bin\zip.dll
0x00007ffa7b160000 - 0x00007ffa7c669000 	C:\WINDOWS\System32\SHELL32.dll
0x00007ffa79490000 - 0x00007ffa79b6a000 	C:\WINDOWS\System32\windows.storage.dll
0x00007ffa78b30000 - 0x00007ffa78b7c000 	C:\WINDOWS\System32\powrprof.dll
0x00007ffa79c20000 - 0x00007ffa79c72000 	C:\WINDOWS\System32\shlwapi.dll
0x00007ffa78b20000 - 0x00007ffa78b2f000 	C:\WINDOWS\System32\kernel.appcore.dll
0x00007ffa78b80000 - 0x00007ffa78c29000 	C:\WINDOWS\System32\shcore.dll
0x00007ffa78b00000 - 0x00007ffa78b14000 	C:\WINDOWS\System32\profapi.dll
0x000000006cd00000 - 0x000000006cd09000 	C:\Program Files\Java\jdk1.8.0_65\jre\bin\dt_socket.dll
0x00007ffa66fc0000 - 0x00007ffa66fd6000 	C:\WINDOWS\system32\napinsp.dll
0x00007ffa66fa0000 - 0x00007ffa66fba000 	C:\WINDOWS\system32\pnrpnsp.dll
0x00007ffa717e0000 - 0x00007ffa717f8000 	C:\WINDOWS\system32\NLAapi.dll
0x00007ffa783c0000 - 0x00007ffa7841c000 	C:\WINDOWS\System32\mswsock.dll
0x00007ffa78190000 - 0x00007ffa78231000 	C:\WINDOWS\SYSTEM32\DNSAPI.dll
0x00007ffa7a890000 - 0x00007ffa7a898000 	C:\WINDOWS\System32\NSI.dll
0x00007ffa78140000 - 0x00007ffa78178000 	C:\WINDOWS\SYSTEM32\IPHLPAPI.DLL
0x00007ffa67d20000 - 0x00007ffa67d2e000 	C:\WINDOWS\System32\winrnr.dll
0x0000000070b90000 - 0x0000000070bb6000 	C:\Program Files\Bonjour\mdnsNSP.dll
0x00007ffa66f80000 - 0x00007ffa66f95000 	C:\WINDOWS\System32\wshbth.dll
0x00007ffa6f360000 - 0x00007ffa6f3ca000 	C:\WINDOWS\System32\fwpuclnt.dll
0x00007ffa78a30000 - 0x00007ffa78a5b000 	C:\WINDOWS\SYSTEM32\bcrypt.dll
0x00007ffa6e990000 - 0x00007ffa6e99a000 	C:\Windows\System32\rasadhlp.dll
0x000000006ccf0000 - 0x000000006ccfd000 	C:\Program Files\Java\jdk1.8.0_65\jre\bin\management.dll
0x000000006ccd0000 - 0x000000006ccea000 	C:\Program Files\Java\jdk1.8.0_65\jre\bin\net.dll
0x000000006ccb0000 - 0x000000006ccc1000 	C:\Program Files\Java\jdk1.8.0_65\jre\bin\nio.dll
0x00007ffa78570000 - 0x00007ffa78587000 	C:\WINDOWS\SYSTEM32\CRYPTSP.dll
0x00007ffa77fc0000 - 0x00007ffa77ff3000 	C:\WINDOWS\system32\rsaenh.dll
0x00007ffa78240000 - 0x00007ffa7825f000 	C:\WINDOWS\SYSTEM32\USERENV.dll
0x00007ffa78560000 - 0x00007ffa7856b000 	C:\WINDOWS\SYSTEM32\CRYPTBASE.dll
0x00007ffa715d0000 - 0x00007ffa715e6000 	C:\WINDOWS\SYSTEM32\dhcpcsvc6.DLL
0x00007ffa714f0000 - 0x00007ffa7150a000 	C:\WINDOWS\SYSTEM32\dhcpcsvc.DLL
0x000000006cae0000 - 0x000000006cb04000 	C:\Program Files\Java\jdk1.8.0_65\jre\bin\sunec.dll
0x00007ffa715f0000 - 0x00007ffa71782000 	C:\WINDOWS\SYSTEM32\dbghelp.dll

VM Arguments:
jvm_args: -agentlib:jdwp=transport=dt_socket,suspend=y,address=localhost:63190 -Dfile.encoding=UTF-8 
java_command: com.kabra.mayur.SpringStarterApplication
java_class_path (initial): C:\Users\Mayur\git\rubi\RUBI\target\classes;C:\Users\Mayur\.m2\repository\org\springframework\boot\spring-boot-devtools\1.5.1.RELEASE\spring-boot-devtools-1.5.1.RELEASE.jar;C:\Users\Mayur\.m2\repository\org\springframework\boot\spring-boot\1.5.1.RELEASE\spring-boot-1.5.1.RELEASE.jar;C:\Users\Mayur\.m2\repository\org\springframework\spring-context\4.3.6.RELEASE\spring-context-4.3.6.RELEASE.jar;C:\Users\Mayur\.m2\repository\org\springframework\boot\spring-boot-autoconfigure\1.5.1.RELEASE\spring-boot-autoconfigure-1.5.1.RELEASE.jar;C:\Users\Mayur\.m2\repository\org\springframework\boot\spring-boot-starter-jersey\1.5.1.RELEASE\spring-boot-starter-jersey-1.5.1.RELEASE.jar;C:\Users\Mayur\.m2\repository\org\springframework\boot\spring-boot-starter\1.5.1.RELEASE\spring-boot-starter-1.5.1.RELEASE.jar;C:\Users\Mayur\.m2\repository\org\springframework\boot\spring-boot-starter-logging\1.5.1.RELEASE\spring-boot-starter-logging-1.5.1.RELEASE.jar;C:\Users\Mayur\.m2\repository\ch\qos\logback\logback-classic\1.1.9\logback-classic-1.1.9.jar;C:\Users\Mayur\.m2\repository\ch\qos\logback\logback-core\1.1.9\logback-core-1.1.9.jar;C:\Users\Mayur\.m2\repository\org\slf4j\jcl-over-slf4j\1.7.22\jcl-over-slf4j-1.7.22.jar;C:\Users\Mayur\.m2\repository\org\slf4j\jul-to-slf4j\1.7.22\jul-to-slf4j-1.7.22.jar;C:\Users\Mayur\.m2\repository\org\slf4j\log4j-over-slf4j\1.7.22\log4j-over-slf4j-1.7.22.jar;C:\Users\Mayur\.m2\repository\org\yaml\snakeyaml\1.17\snakeyaml-1.17.jar;C:\Users\Mayur\.m2\repository\org\springframework\boot\spring-boot-starter-validation\1.5.1.RELEASE\spring-boot-starter-validation-1.5.1.RELEASE.jar;C:\Users\Mayur\.m2\repository\com\fasterxml\jackson\core\jackson-databind\2.8.6\jackson-databind-2.8.6.jar;C:\Users\Mayur\.m2\repository\com\fasterxml\jackson\core\jackson-annotations\2.8.0\jackson-annotations-2.8.0.jar;C:\Users\Mayur\.m2\repository\com\fasterxml\jackson\core\jackson-core\2.8.6\jackson-core-2.8.6.jar;C:\Users\Mayur\.m2\repository\org\spring
Launcher Type: SUN_STANDARD

Environment Variables:
USERNAME=Mayur
OS=Windows_NT
PROCESSOR_IDENTIFIER=Intel64 Family 6 Model 61 Stepping 4, GenuineIntel



---------------  S Y S T E M  ---------------

OS: Windows 10.0 , 64 bit Build 14393 (10.0.14393.0)

CPU:total 4 (2 cores per cpu, 2 threads per core) family 6 model 61 stepping 4, cmov, cx8, fxsr, mmx, sse, sse2, sse3, ssse3, sse4.1, sse4.2, popcnt, avx, avx2, aes, clmul, erms, 3dnowpref, lzcnt, ht, tsc, tscinvbit, bmi1, bmi2, adx

Memory: 4k page, physical 8296900k(1687080k free), swap 17209796k(4980180k free)

vm_info: Java HotSpot(TM) 64-Bit Server VM (25.65-b01) for windows-amd64 JRE (1.8.0_65-b17), built on Oct  6 2015 16:39:20 by "java_re" with MS VC++ 10.0 (VS2010)

time: Sun Mar 19 01:40:50 2017
elapsed time: 3091 seconds (0d 0h 51m 31s)

